0 info it worked if it ends with ok
1 verbose cli [ '/home/pablo/.nvm/versions/node/v7.0.0/bin/node',
1 verbose cli   '/home/pablo/.nvm/versions/node/v7.0.0/bin/npm',
1 verbose cli   'run',
1 verbose cli   'start' ]
2 info using npm@3.10.7
3 info using node@v7.0.0
4 verbose stack Error: Failed to parse json
4 verbose stack Trailing comma in object at 11:3
4 verbose stack   },
4 verbose stack   ^
4 verbose stack     at parseError (/home/pablo/.nvm/versions/node/v7.0.0/lib/node_modules/npm/node_modules/read-package-json/read-json.js:390:11)
4 verbose stack     at parseJson (/home/pablo/.nvm/versions/node/v7.0.0/lib/node_modules/npm/node_modules/read-package-json/read-json.js:79:23)
4 verbose stack     at /home/pablo/.nvm/versions/node/v7.0.0/lib/node_modules/npm/node_modules/read-package-json/read-json.js:48:5
4 verbose stack     at /home/pablo/.nvm/versions/node/v7.0.0/lib/node_modules/npm/node_modules/graceful-fs/graceful-fs.js:78:16
4 verbose stack     at tryToString (fs.js:425:3)
4 verbose stack     at FSReqWrap.readFileAfterClose [as oncomplete] (fs.js:412:12)
5 verbose cwd /home/pablo/Documents/Projects/BookStore/RD-Book-Store
6 error Linux 4.4.0-67-generic
7 error argv "/home/pablo/.nvm/versions/node/v7.0.0/bin/node" "/home/pablo/.nvm/versions/node/v7.0.0/bin/npm" "run" "start"
8 error node v7.0.0
9 error npm  v3.10.7
10 error file /home/pablo/Documents/Projects/BookStore/RD-Book-Store/package.json
11 error code EJSONPARSE
12 error Failed to parse json
12 error Trailing comma in object at 11:3
12 error   },
12 error   ^
13 error File: /home/pablo/Documents/Projects/BookStore/RD-Book-Store/package.json
14 error Failed to parse package.json data.
14 error package.json must be actual JSON, not just JavaScript.
14 error
14 error This is not a bug in npm.
14 error Tell the package author to fix their package.json file. JSON.parse
15 verbose exit [ 1, true ]
